{"level":"http","message":"POST /api/v1/file-manager/create 200 - 383ms","service":"default-service-name","timestamp":"2026-01-09T04:52:10.630Z"}
{"level":"http","message":"POST /api/v1/file-manager/create 200 - 130ms","service":"default-service-name","timestamp":"2026-01-09T04:54:07.416Z"}
{"level":"http","message":"POST /api/v1/file-manager/create 200 - 159ms","service":"default-service-name","timestamp":"2026-01-09T04:55:21.725Z"}
{"level":"http","message":"POST /api/v1/file-manager/create 200 - 130ms","service":"default-service-name","timestamp":"2026-01-09T04:56:45.585Z"}
{"level":"http","message":"GET /api/v1/file-manager/tree 200 - 48ms","service":"default-service-name","timestamp":"2026-01-09T04:57:23.146Z"}
{"level":"http","message":"GET /api/v1/file-manager/6960897a187cf91bb7d5e9c9 200 - 43ms","service":"default-service-name","timestamp":"2026-01-09T04:58:38.001Z"}
{"level":"http","message":"PATCH /api/v1/file-manager/69608a39187cf91bb7d5e9cb 200 - 239ms","service":"default-service-name","timestamp":"2026-01-09T04:59:55.190Z"}
{"level":"http","message":"PATCH /api/v1/file-manager/69608a39187cf91bb7d5e9cb 200 - 227ms","service":"default-service-name","timestamp":"2026-01-09T05:00:43.886Z"}
{"level":"http","message":"DELETE /api/v1/file-manager/6960897a187cf91bb7d5e9c9 200 - 695ms","service":"default-service-name","timestamp":"2026-01-09T05:01:52.394Z"}
{"level":"http","message":"GET /api/v1/file-manager/tree 200 - 45ms","service":"default-service-name","timestamp":"2026-01-09T05:02:30.770Z"}
{"level":"http","message":"POST /api/v1/file-manager/create 200 - 647ms","service":"default-service-name","timestamp":"2026-01-09T05:24:10.353Z"}
{"level":"http","message":"POST /api/v1/file-manager/create 200 - 145ms","service":"default-service-name","timestamp":"2026-01-09T05:24:19.378Z"}
{"level":"http","message":"POST /api/v1/file-manager/create 200 - 145ms","service":"default-service-name","timestamp":"2026-01-09T05:24:24.160Z"}
{"level":"http","message":"GET /api/v1/file-manager/tree 200 - 50ms","service":"default-service-name","timestamp":"2026-01-09T05:24:45.369Z"}
{"level":"http","message":"GET /api/v1/file-manager/tree 200 - 72ms","service":"default-service-name","timestamp":"2026-01-09T05:25:44.558Z"}
{"level":"http","message":"GET /api/v1/file-manager/tree 200 - 308ms","service":"default-service-name","timestamp":"2026-01-09T05:26:18.582Z"}
{"level":"http","message":"GET /api/v1/file-manager/tree 304 - 46ms","service":"default-service-name","timestamp":"2026-01-09T05:28:03.073Z"}
{"level":"http","message":"GET /api/v1/file-manager/tree 304 - 44ms","service":"default-service-name","timestamp":"2026-01-09T05:28:11.071Z"}
{"level":"http","message":"GET /api/v1/file-manager/tree 304 - 45ms","service":"default-service-name","timestamp":"2026-01-09T05:28:12.989Z"}
{"level":"http","message":"GET /api/v1/file-manager/tree 200 - 313ms","service":"default-service-name","timestamp":"2026-01-09T05:31:06.771Z"}
{"level":"http","message":"GET /api/v1/file-manager/tree 200 - 50ms","service":"default-service-name","timestamp":"2026-01-09T05:31:33.077Z"}
{"level":"http","message":"GET /api/v1/file-manager/tree 200 - 290ms","service":"default-service-name","timestamp":"2026-01-09T05:32:52.973Z"}
{"level":"http","message":"GET /api/v1/file-manager/tree 200 - 265ms","service":"default-service-name","timestamp":"2026-01-09T05:33:30.148Z"}
{"level":"http","message":"GET /api/v1/file-manager/tree 200 - 42ms","service":"default-service-name","timestamp":"2026-01-09T05:35:51.867Z"}
{"level":"http","message":"GET /api/v1/file-manager/tree 304 - 42ms","service":"default-service-name","timestamp":"2026-01-09T05:36:07.527Z"}
{"level":"http","message":"GET /api/v1/file-manager/tree 304 - 41ms","service":"default-service-name","timestamp":"2026-01-09T05:36:10.406Z"}
{"level":"http","message":"GET /api/v1/file-manager/tree 304 - 41ms","service":"default-service-name","timestamp":"2026-01-09T05:36:23.373Z"}
{"level":"http","message":"GET /api/v1/file-manager/tree 304 - 41ms","service":"default-service-name","timestamp":"2026-01-09T05:36:34.126Z"}
{"level":"http","message":"GET /api/v1/file-manager/tree 304 - 41ms","service":"default-service-name","timestamp":"2026-01-09T05:36:39.906Z"}
{"level":"http","message":"GET /api/v1/file-manager/696090fa308c2da4a37b5a9a 200 - 42ms","service":"default-service-name","timestamp":"2026-01-09T05:41:53.489Z"}
{"level":"http","message":"GET /api/v1/file-manager/696090fa308c2da4a37b5a9a 304 - 43ms","service":"default-service-name","timestamp":"2026-01-09T05:41:53.535Z"}
{"level":"http","message":"GET /api/v1/file-manager/root 400 - 121ms","service":"default-service-name","timestamp":"2026-01-09T05:43:41.066Z"}
{"level":"http","message":"GET /api/v1/file-manager/root 400 - 6ms","service":"default-service-name","timestamp":"2026-01-09T05:43:41.075Z"}
{"level":"http","message":"GET /api/v1/file-manager/root 400 - 168ms","service":"default-service-name","timestamp":"2026-01-09T05:44:15.259Z"}
{"level":"http","message":"GET /api/v1/file-manager/root 400 - 9ms","service":"default-service-name","timestamp":"2026-01-09T05:44:15.273Z"}
{"level":"http","message":"GET /api/v1/file-manager/root 400 - 3ms","service":"default-service-name","timestamp":"2026-01-09T05:45:04.675Z"}
{"level":"http","message":"GET /api/v1/file-manager/root 400 - 3ms","service":"default-service-name","timestamp":"2026-01-09T05:45:04.685Z"}
{"level":"http","message":"GET /api/v1/file-manager/root 400 - 3ms","service":"default-service-name","timestamp":"2026-01-09T05:45:17.196Z"}
{"level":"http","message":"GET /api/v1/file-manager/root 400 - 4ms","service":"default-service-name","timestamp":"2026-01-09T05:45:17.215Z"}
{"level":"http","message":"GET /api/v1/file-manager/root 400 - 9ms","service":"default-service-name","timestamp":"2026-01-09T05:45:54.061Z"}
{"level":"http","message":"GET /api/v1/file-manager/root 400 - 12ms","service":"default-service-name","timestamp":"2026-01-09T05:45:54.093Z"}
{"level":"http","message":"GET /api/v1/file-manager/root 400 - 3ms","service":"default-service-name","timestamp":"2026-01-09T05:45:58.299Z"}
{"level":"http","message":"GET /api/v1/file-manager/root 400 - 5ms","service":"default-service-name","timestamp":"2026-01-09T05:45:58.315Z"}
{"level":"http","message":"GET /api/v1/file-manager/root 400 - 2ms","service":"default-service-name","timestamp":"2026-01-09T05:46:03.102Z"}
{"level":"http","message":"GET /api/v1/file-manager/root 400 - 3ms","service":"default-service-name","timestamp":"2026-01-09T05:46:03.121Z"}
{"level":"http","message":"GET /api/v1/file-manager/root 400 - 3ms","service":"default-service-name","timestamp":"2026-01-09T05:46:51.341Z"}
{"level":"http","message":"GET /api/v1/file-manager/root 400 - 17ms","service":"default-service-name","timestamp":"2026-01-09T05:46:51.379Z"}
{"level":"http","message":"GET /api/v1/file-manager/root 400 - 1ms","service":"default-service-name","timestamp":"2026-01-09T05:46:54.393Z"}
{"level":"http","message":"GET /api/v1/file-manager/root 400 - 3ms","service":"default-service-name","timestamp":"2026-01-09T05:46:54.404Z"}
{"level":"http","message":"GET /api/v1/file-manager/root 400 - 10ms","service":"default-service-name","timestamp":"2026-01-09T05:47:22.299Z"}
{"level":"http","message":"GET /api/v1/file-manager/root 400 - 7ms","service":"default-service-name","timestamp":"2026-01-09T05:47:22.322Z"}
{"level":"http","message":"GET /api/v1/file-manager/root 400 - 2ms","service":"default-service-name","timestamp":"2026-01-09T05:47:39.607Z"}
{"level":"http","message":"GET /api/v1/file-manager/root 400 - 7ms","service":"default-service-name","timestamp":"2026-01-09T05:47:39.636Z"}
{"level":"http","message":"GET /api/v1/file-manager/root 400 - 2ms","service":"default-service-name","timestamp":"2026-01-09T05:47:44.929Z"}
{"level":"http","message":"GET /api/v1/file-manager/root 400 - 4ms","service":"default-service-name","timestamp":"2026-01-09T05:47:44.961Z"}
{"level":"http","message":"GET /api/v1/file-manager/root 400 - 2ms","service":"default-service-name","timestamp":"2026-01-09T05:48:44.492Z"}
{"level":"http","message":"GET /api/v1/file-manager/root 400 - 2ms","service":"default-service-name","timestamp":"2026-01-09T05:48:44.503Z"}
{"level":"http","message":"GET /api/v1/file-manager/root 400 - 6ms","service":"default-service-name","timestamp":"2026-01-09T05:49:21.734Z"}
{"level":"http","message":"GET /api/v1/file-manager/root 400 - 7ms","service":"default-service-name","timestamp":"2026-01-09T05:49:21.759Z"}
{"level":"http","message":"GET /api/v1/file-manager/root 400 - 2ms","service":"default-service-name","timestamp":"2026-01-09T05:49:59.401Z"}
{"level":"http","message":"GET /api/v1/file-manager/root 400 - 2ms","service":"default-service-name","timestamp":"2026-01-09T05:49:59.424Z"}
{"level":"http","message":"GET /api/v1/file-manager/root 400 - 3ms","service":"default-service-name","timestamp":"2026-01-09T05:50:16.902Z"}
{"level":"http","message":"GET /api/v1/file-manager/root 400 - 3ms","service":"default-service-name","timestamp":"2026-01-09T05:50:16.912Z"}
{"level":"http","message":"GET /api/v1/file-manager/root 400 - 2ms","service":"default-service-name","timestamp":"2026-01-09T05:50:18.908Z"}
{"level":"http","message":"GET /api/v1/file-manager/root 400 - 10ms","service":"default-service-name","timestamp":"2026-01-09T05:50:18.954Z"}
{"level":"http","message":"GET /api/v1/file-manager/tree 200 - 468ms","service":"default-service-name","timestamp":"2026-01-09T05:51:26.277Z"}
{"level":"http","message":"GET /api/v1/file-manager/tree 304 - 521ms","service":"default-service-name","timestamp":"2026-01-09T06:03:21.031Z"}
{"level":"http","message":"GET /api/v1/file-manager/tree 304 - 50ms","service":"default-service-name","timestamp":"2026-01-09T06:03:21.089Z"}
{"level":"http","message":"GET /api/v1/file-manager/tree 304 - 49ms","service":"default-service-name","timestamp":"2026-01-09T06:03:31.885Z"}
{"level":"http","message":"GET /api/v1/file-manager/tree 304 - 50ms","service":"default-service-name","timestamp":"2026-01-09T06:03:31.937Z"}
{"level":"http","message":"GET /api/v1/file-manager/tree 304 - 47ms","service":"default-service-name","timestamp":"2026-01-09T06:03:33.219Z"}
{"level":"http","message":"GET /api/v1/file-manager/tree 304 - 48ms","service":"default-service-name","timestamp":"2026-01-09T06:03:33.269Z"}
{"level":"http","message":"GET /api/v1/file-manager/tree 304 - 51ms","service":"default-service-name","timestamp":"2026-01-09T06:06:01.500Z"}
{"level":"http","message":"GET /api/v1/file-manager/tree 304 - 65ms","service":"default-service-name","timestamp":"2026-01-09T06:06:01.573Z"}
{"level":"http","message":"GET /api/v1/file-manager/tree 304 - 49ms","service":"default-service-name","timestamp":"2026-01-09T06:06:11.513Z"}
{"level":"http","message":"GET /api/v1/file-manager/tree 304 - 86ms","service":"default-service-name","timestamp":"2026-01-09T06:06:11.603Z"}
{"level":"http","message":"GET /api/v1/file-manager/tree 304 - 52ms","service":"default-service-name","timestamp":"2026-01-09T06:06:38.528Z"}
{"level":"http","message":"GET /api/v1/file-manager/tree 304 - 55ms","service":"default-service-name","timestamp":"2026-01-09T06:06:38.603Z"}
{"level":"http","message":"GET /api/v1/file-manager/tree 304 - 48ms","service":"default-service-name","timestamp":"2026-01-09T06:06:43.275Z"}
{"level":"http","message":"GET /api/v1/file-manager/tree 304 - 51ms","service":"default-service-name","timestamp":"2026-01-09T06:06:43.330Z"}
{"level":"http","message":"GET /api/v1/file-manager/tree 304 - 49ms","service":"default-service-name","timestamp":"2026-01-09T06:07:30.307Z"}
{"level":"http","message":"GET /api/v1/file-manager/tree 304 - 48ms","service":"default-service-name","timestamp":"2026-01-09T06:07:30.359Z"}
{"level":"http","message":"GET /api/v1/file-manager/tree 304 - 47ms","service":"default-service-name","timestamp":"2026-01-09T06:07:35.215Z"}
{"level":"http","message":"GET /api/v1/file-manager/tree 304 - 50ms","service":"default-service-name","timestamp":"2026-01-09T06:07:35.267Z"}
{"level":"http","message":"GET /api/v1/file-manager/6960897a187cf91bb7d5e9c9 200 - 48ms","service":"default-service-name","timestamp":"2026-01-09T06:09:43.345Z"}
{"level":"http","message":"GET /api/v1/file-manager/696090fa308c2da4a37b5a9a 200 - 47ms","service":"default-service-name","timestamp":"2026-01-09T06:10:11.405Z"}
{"level":"http","message":"GET /api/v1/file-manager/tree 304 - 49ms","service":"default-service-name","timestamp":"2026-01-09T06:12:11.861Z"}
{"level":"http","message":"GET /api/v1/file-manager/tree 304 - 49ms","service":"default-service-name","timestamp":"2026-01-09T06:12:11.913Z"}
{"level":"http","message":"GET /api/v1/file-manager/tree 304 - 47ms","service":"default-service-name","timestamp":"2026-01-09T06:12:49.516Z"}
{"level":"http","message":"GET /api/v1/file-manager/tree 304 - 48ms","service":"default-service-name","timestamp":"2026-01-09T06:12:49.567Z"}
{"level":"http","message":"GET /api/v1/file-manager/tree 304 - 50ms","service":"default-service-name","timestamp":"2026-01-09T06:12:55.279Z"}
{"level":"http","message":"GET /api/v1/file-manager/tree 304 - 54ms","service":"default-service-name","timestamp":"2026-01-09T06:12:55.336Z"}
{"level":"http","message":"GET /api/v1/file-manager/tree 304 - 47ms","service":"default-service-name","timestamp":"2026-01-09T06:13:42.327Z"}
{"level":"http","message":"GET /api/v1/file-manager/tree 304 - 50ms","service":"default-service-name","timestamp":"2026-01-09T06:13:42.384Z"}
{"level":"http","message":"GET /api/v1/file-manager/tree 304 - 49ms","service":"default-service-name","timestamp":"2026-01-09T06:13:54.915Z"}
{"level":"http","message":"GET /api/v1/file-manager/tree 304 - 47ms","service":"default-service-name","timestamp":"2026-01-09T06:13:54.970Z"}
{"level":"http","message":"GET /api/v1/file-manager/tree 304 - 48ms","service":"default-service-name","timestamp":"2026-01-09T06:14:16.724Z"}
{"level":"http","message":"GET /api/v1/file-manager/tree 304 - 49ms","service":"default-service-name","timestamp":"2026-01-09T06:14:16.775Z"}
{"level":"http","message":"GET /api/v1/file-manager/tree 304 - 55ms","service":"default-service-name","timestamp":"2026-01-09T06:14:52.699Z"}
{"level":"http","message":"GET /api/v1/file-manager/tree 304 - 53ms","service":"default-service-name","timestamp":"2026-01-09T06:14:52.759Z"}
{"level":"http","message":"GET /api/v1/file-manager/tree 304 - 48ms","service":"default-service-name","timestamp":"2026-01-09T06:14:55.430Z"}
{"level":"http","message":"GET /api/v1/file-manager/tree 304 - 61ms","service":"default-service-name","timestamp":"2026-01-09T06:14:55.496Z"}
{"level":"http","message":"GET /api/v1/file-manager/tree 304 - 50ms","service":"default-service-name","timestamp":"2026-01-09T06:15:33.427Z"}
{"level":"http","message":"GET /api/v1/file-manager/tree 304 - 50ms","service":"default-service-name","timestamp":"2026-01-09T06:15:33.481Z"}
{"level":"http","message":"POST /api/v1/file-manager/create 200 - 153ms","service":"default-service-name","timestamp":"2026-01-09T06:16:02.317Z"}
{"level":"http","message":"GET /api/v1/file-manager/tree 200 - 48ms","service":"default-service-name","timestamp":"2026-01-09T06:16:04.772Z"}
{"level":"http","message":"GET /api/v1/file-manager/tree 304 - 51ms","service":"default-service-name","timestamp":"2026-01-09T06:16:04.824Z"}
{"level":"http","message":"GET /api/v1/file-manager/tree 304 - 60ms","service":"default-service-name","timestamp":"2026-01-09T06:18:36.805Z"}
{"level":"http","message":"GET /api/v1/file-manager/tree 304 - 48ms","service":"default-service-name","timestamp":"2026-01-09T06:18:36.855Z"}
{"level":"http","message":"GET /api/v1/file-manager/696090fa308c2da4a37b5a9a 200 - 47ms","service":"default-service-name","timestamp":"2026-01-09T06:18:50.309Z"}
{"level":"http","message":"GET /api/v1/file-manager/tree 304 - 460ms","service":"default-service-name","timestamp":"2026-01-09T06:18:50.727Z"}
{"level":"http","message":"GET /api/v1/file-manager/tree 304 - 48ms","service":"default-service-name","timestamp":"2026-01-09T06:18:50.778Z"}
{"level":"http","message":"GET /api/v1/file-manager/696090fa308c2da4a37b5a9a 304 - 48ms","service":"default-service-name","timestamp":"2026-01-09T06:18:50.789Z"}
{"level":"http","message":"GET /api/v1/file-manager/696090fa308c2da4a37b5a9a 304 - 48ms","service":"default-service-name","timestamp":"2026-01-09T06:18:50.843Z"}
{"level":"http","message":"GET /api/v1/file-manager/696090fa308c2da4a37b5a9a 304 - 48ms","service":"default-service-name","timestamp":"2026-01-09T06:18:55.622Z"}
{"level":"http","message":"GET /api/v1/file-manager/696090fa308c2da4a37b5a9a 304 - 50ms","service":"default-service-name","timestamp":"2026-01-09T06:18:57.016Z"}
{"level":"http","message":"GET /api/v1/file-manager/696090fa308c2da4a37b5a9a 304 - 51ms","service":"default-service-name","timestamp":"2026-01-09T06:18:57.448Z"}
{"level":"http","message":"GET /api/v1/file-manager/696090fa308c2da4a37b5a9a 304 - 47ms","service":"default-service-name","timestamp":"2026-01-09T06:19:27.156Z"}
{"level":"http","message":"GET /api/v1/file-manager/tree 304 - 46ms","service":"default-service-name","timestamp":"2026-01-09T06:19:27.158Z"}
{"level":"http","message":"GET /api/v1/file-manager/tree 304 - 51ms","service":"default-service-name","timestamp":"2026-01-09T06:19:27.212Z"}
{"level":"http","message":"GET /api/v1/file-manager/696090fa308c2da4a37b5a9a 304 - 50ms","service":"default-service-name","timestamp":"2026-01-09T06:19:27.234Z"}
{"level":"http","message":"GET /api/v1/file-manager/696090fa308c2da4a37b5a9a 304 - 52ms","service":"default-service-name","timestamp":"2026-01-09T06:19:27.296Z"}
{"level":"http","message":"GET /api/v1/file-manager/696090fa308c2da4a37b5a9a 304 - 49ms","service":"default-service-name","timestamp":"2026-01-09T06:19:46.579Z"}
{"level":"http","message":"GET /api/v1/file-manager/tree 304 - 48ms","service":"default-service-name","timestamp":"2026-01-09T06:19:46.589Z"}
{"level":"http","message":"GET /api/v1/file-manager/tree 304 - 51ms","service":"default-service-name","timestamp":"2026-01-09T06:19:46.653Z"}
{"level":"http","message":"GET /api/v1/file-manager/696090fa308c2da4a37b5a9a 304 - 56ms","service":"default-service-name","timestamp":"2026-01-09T06:19:46.677Z"}
{"level":"http","message":"GET /api/v1/file-manager/696090fa308c2da4a37b5a9a 304 - 52ms","service":"default-service-name","timestamp":"2026-01-09T06:19:46.737Z"}
{"level":"http","message":"GET /api/v1/file-manager/696090fa308c2da4a37b5a9a 304 - 47ms","service":"default-service-name","timestamp":"2026-01-09T06:20:07.205Z"}
{"level":"http","message":"GET /api/v1/file-manager/696090fa308c2da4a37b5a9a 304 - 49ms","service":"default-service-name","timestamp":"2026-01-09T06:20:07.257Z"}
{"level":"http","message":"GET /api/v1/file-manager/696090fa308c2da4a37b5a9a 304 - 49ms","service":"default-service-name","timestamp":"2026-01-09T06:20:07.316Z"}
{"level":"http","message":"GET /api/v1/file-manager/696090fa308c2da4a37b5a9a 304 - 48ms","service":"default-service-name","timestamp":"2026-01-09T06:20:07.370Z"}
{"level":"http","message":"GET /api/v1/file-manager/tree 304 - 44ms","service":"default-service-name","timestamp":"2026-01-09T06:20:09.539Z"}
{"level":"http","message":"GET /api/v1/file-manager/696090fa308c2da4a37b5a9a 304 - 47ms","service":"default-service-name","timestamp":"2026-01-09T06:20:09.540Z"}
{"level":"http","message":"GET /api/v1/file-manager/tree 304 - 52ms","service":"default-service-name","timestamp":"2026-01-09T06:20:09.598Z"}
{"level":"http","message":"GET /api/v1/file-manager/696090fa308c2da4a37b5a9a 304 - 47ms","service":"default-service-name","timestamp":"2026-01-09T06:20:09.606Z"}
{"level":"http","message":"GET /api/v1/file-manager/696090fa308c2da4a37b5a9a 304 - 47ms","service":"default-service-name","timestamp":"2026-01-09T06:20:09.665Z"}
{"level":"http","message":"GET /api/v1/file-manager/696090fa308c2da4a37b5a9a 304 - 45ms","service":"default-service-name","timestamp":"2026-01-09T06:20:37.215Z"}
{"level":"http","message":"GET /api/v1/file-manager/tree 304 - 49ms","service":"default-service-name","timestamp":"2026-01-09T06:20:37.220Z"}
{"level":"http","message":"GET /api/v1/file-manager/tree 304 - 53ms","service":"default-service-name","timestamp":"2026-01-09T06:20:37.276Z"}
{"level":"http","message":"GET /api/v1/file-manager/696090fa308c2da4a37b5a9a 304 - 48ms","service":"default-service-name","timestamp":"2026-01-09T06:20:37.281Z"}
{"level":"http","message":"GET /api/v1/file-manager/696090fa308c2da4a37b5a9a 304 - 45ms","service":"default-service-name","timestamp":"2026-01-09T06:20:37.330Z"}
{"level":"http","message":"GET /api/v1/file-manager/696090fa308c2da4a37b5a9a 304 - 43ms","service":"default-service-name","timestamp":"2026-01-09T06:20:39.183Z"}
{"level":"http","message":"GET /api/v1/file-manager/tree 304 - 49ms","service":"default-service-name","timestamp":"2026-01-09T06:20:39.192Z"}
{"level":"http","message":"GET /api/v1/file-manager/tree 304 - 48ms","service":"default-service-name","timestamp":"2026-01-09T06:20:39.250Z"}
{"level":"http","message":"GET /api/v1/file-manager/696090fa308c2da4a37b5a9a 304 - 43ms","service":"default-service-name","timestamp":"2026-01-09T06:20:39.260Z"}
{"level":"http","message":"GET /api/v1/file-manager/696090fa308c2da4a37b5a9a 304 - 45ms","service":"default-service-name","timestamp":"2026-01-09T06:20:39.312Z"}
{"level":"http","message":"GET /api/v1/file-manager/696090fa308c2da4a37b5a9a 304 - 44ms","service":"default-service-name","timestamp":"2026-01-09T06:21:18.603Z"}
{"level":"http","message":"GET /api/v1/file-manager/tree 304 - 47ms","service":"default-service-name","timestamp":"2026-01-09T06:21:18.608Z"}
{"level":"http","message":"GET /api/v1/file-manager/tree 304 - 49ms","service":"default-service-name","timestamp":"2026-01-09T06:21:18.660Z"}
{"level":"http","message":"GET /api/v1/file-manager/696090fa308c2da4a37b5a9a 304 - 48ms","service":"default-service-name","timestamp":"2026-01-09T06:21:18.665Z"}
{"level":"http","message":"GET /api/v1/file-manager/696090fa308c2da4a37b5a9a 304 - 46ms","service":"default-service-name","timestamp":"2026-01-09T06:21:18.721Z"}
{"level":"http","message":"GET /api/v1/file-manager/696090fa308c2da4a37b5a9a 304 - 46ms","service":"default-service-name","timestamp":"2026-01-09T06:21:20.475Z"}
{"level":"http","message":"GET /api/v1/file-manager/696090fa308c2da4a37b5a9a 304 - 45ms","service":"default-service-name","timestamp":"2026-01-09T06:21:27.821Z"}
{"level":"http","message":"GET /api/v1/file-manager/696090fa308c2da4a37b5a9a 304 - 45ms","service":"default-service-name","timestamp":"2026-01-09T06:21:29.058Z"}
{"level":"http","message":"GET /api/v1/file-manager/696090fa308c2da4a37b5a9a 304 - 46ms","service":"default-service-name","timestamp":"2026-01-09T06:21:32.934Z"}
{"level":"http","message":"GET /api/v1/file-manager/696090fa308c2da4a37b5a9a 304 - 46ms","service":"default-service-name","timestamp":"2026-01-09T06:22:28.461Z"}
{"level":"http","message":"GET /api/v1/file-manager/696090fa308c2da4a37b5a9a 304 - 44ms","service":"default-service-name","timestamp":"2026-01-09T06:22:43.213Z"}
{"level":"http","message":"GET /api/v1/file-manager/tree 304 - 50ms","service":"default-service-name","timestamp":"2026-01-09T06:22:43.222Z"}
{"level":"http","message":"GET /api/v1/file-manager/tree 304 - 49ms","service":"default-service-name","timestamp":"2026-01-09T06:22:43.275Z"}
{"level":"http","message":"GET /api/v1/file-manager/696090fa308c2da4a37b5a9a 304 - 48ms","service":"default-service-name","timestamp":"2026-01-09T06:22:43.295Z"}
{"level":"http","message":"GET /api/v1/file-manager/696090fa308c2da4a37b5a9a 304 - 49ms","service":"default-service-name","timestamp":"2026-01-09T06:22:43.361Z"}
{"level":"http","message":"GET /api/v1/file-manager/696090fa308c2da4a37b5a9a 304 - 46ms","service":"default-service-name","timestamp":"2026-01-09T06:22:45.253Z"}
{"level":"http","message":"GET /api/v1/file-manager/696090fa308c2da4a37b5a9a 304 - 45ms","service":"default-service-name","timestamp":"2026-01-09T06:23:43.531Z"}
{"level":"http","message":"GET /api/v1/file-manager/696090fa308c2da4a37b5a9a 304 - 46ms","service":"default-service-name","timestamp":"2026-01-09T06:23:43.581Z"}
{"level":"http","message":"GET /api/v1/file-manager/696090fa308c2da4a37b5a9a 304 - 45ms","service":"default-service-name","timestamp":"2026-01-09T06:23:43.634Z"}
{"level":"http","message":"GET /api/v1/file-manager/696090fa308c2da4a37b5a9a 304 - 50ms","service":"default-service-name","timestamp":"2026-01-09T06:23:43.697Z"}
{"level":"http","message":"GET /api/v1/file-manager/696090fa308c2da4a37b5a9a 304 - 48ms","service":"default-service-name","timestamp":"2026-01-09T06:23:49.364Z"}
{"level":"http","message":"GET /api/v1/file-manager/696090fa308c2da4a37b5a9a 304 - 51ms","service":"default-service-name","timestamp":"2026-01-09T06:23:49.419Z"}
{"level":"http","message":"GET /api/v1/file-manager/696090fa308c2da4a37b5a9a 304 - 47ms","service":"default-service-name","timestamp":"2026-01-09T06:23:49.472Z"}
{"level":"http","message":"GET /api/v1/file-manager/696090fa308c2da4a37b5a9a 304 - 48ms","service":"default-service-name","timestamp":"2026-01-09T06:23:49.523Z"}
{"level":"http","message":"GET /api/v1/file-manager/696090fa308c2da4a37b5a9a 304 - 48ms","service":"default-service-name","timestamp":"2026-01-09T06:29:57.581Z"}
{"level":"http","message":"GET /api/v1/file-manager/tree 304 - 53ms","service":"default-service-name","timestamp":"2026-01-09T06:29:57.598Z"}
{"level":"http","message":"GET /api/v1/file-manager/tree 304 - 48ms","service":"default-service-name","timestamp":"2026-01-09T06:29:57.653Z"}
{"level":"http","message":"GET /api/v1/file-manager/696090fa308c2da4a37b5a9a 304 - 52ms","service":"default-service-name","timestamp":"2026-01-09T06:29:57.676Z"}
{"level":"http","message":"GET /api/v1/file-manager/696090fa308c2da4a37b5a9a 304 - 50ms","service":"default-service-name","timestamp":"2026-01-09T06:29:57.738Z"}
{"level":"http","message":"GET /api/v1/file-manager/696090fa308c2da4a37b5a9a 304 - 47ms","service":"default-service-name","timestamp":"2026-01-09T06:30:21.987Z"}
{"level":"http","message":"GET /api/v1/file-manager/696090fa308c2da4a37b5a9a 304 - 46ms","service":"default-service-name","timestamp":"2026-01-09T06:30:22.044Z"}
{"level":"http","message":"GET /api/v1/file-manager/696090fa308c2da4a37b5a9a 304 - 48ms","service":"default-service-name","timestamp":"2026-01-09T06:30:22.104Z"}
{"level":"http","message":"GET /api/v1/file-manager/696090fa308c2da4a37b5a9a 304 - 47ms","service":"default-service-name","timestamp":"2026-01-09T06:30:22.163Z"}
{"level":"http","message":"GET /api/v1/file-manager/696090fa308c2da4a37b5a9a 304 - 45ms","service":"default-service-name","timestamp":"2026-01-09T06:30:23.929Z"}
{"level":"http","message":"GET /api/v1/file-manager/696090fa308c2da4a37b5a9a 304 - 47ms","service":"default-service-name","timestamp":"2026-01-09T06:30:23.980Z"}
{"level":"http","message":"GET /api/v1/file-manager/696090fa308c2da4a37b5a9a 304 - 46ms","service":"default-service-name","timestamp":"2026-01-09T06:30:24.037Z"}
{"level":"http","message":"GET /api/v1/file-manager/696090fa308c2da4a37b5a9a 304 - 50ms","service":"default-service-name","timestamp":"2026-01-09T06:30:24.096Z"}
{"level":"http","message":"GET /api/v1/file-manager/696090fa308c2da4a37b5a9a 304 - 47ms","service":"default-service-name","timestamp":"2026-01-09T06:32:18.508Z"}
{"level":"http","message":"GET /api/v1/file-manager/696090fa308c2da4a37b5a9a 304 - 46ms","service":"default-service-name","timestamp":"2026-01-09T06:32:18.567Z"}
{"level":"http","message":"GET /api/v1/file-manager/696090fa308c2da4a37b5a9a 304 - 53ms","service":"default-service-name","timestamp":"2026-01-09T06:32:18.623Z"}
{"level":"http","message":"GET /api/v1/file-manager/696090fa308c2da4a37b5a9a 304 - 48ms","service":"default-service-name","timestamp":"2026-01-09T06:32:18.677Z"}
{"level":"http","message":"GET /api/v1/file-manager/696090fa308c2da4a37b5a9a 304 - 44ms","service":"default-service-name","timestamp":"2026-01-09T06:32:30.487Z"}
{"level":"http","message":"GET /api/v1/file-manager/696090fa308c2da4a37b5a9a 304 - 45ms","service":"default-service-name","timestamp":"2026-01-09T06:32:30.535Z"}
{"level":"http","message":"GET /api/v1/file-manager/696090fa308c2da4a37b5a9a 304 - 47ms","service":"default-service-name","timestamp":"2026-01-09T06:32:30.589Z"}
{"level":"http","message":"GET /api/v1/file-manager/696090fa308c2da4a37b5a9a 304 - 47ms","service":"default-service-name","timestamp":"2026-01-09T06:32:30.648Z"}
{"level":"http","message":"GET /api/v1/file-manager/tree 304 - 45ms","service":"default-service-name","timestamp":"2026-01-09T06:33:07.381Z"}
{"level":"http","message":"GET /api/v1/file-manager/696090fa308c2da4a37b5a9a 304 - 49ms","service":"default-service-name","timestamp":"2026-01-09T06:33:07.386Z"}
{"level":"http","message":"GET /api/v1/file-manager/tree 304 - 50ms","service":"default-service-name","timestamp":"2026-01-09T06:33:07.435Z"}
{"level":"http","message":"GET /api/v1/file-manager/tree 304 - 115ms","service":"default-service-name","timestamp":"2026-01-09T06:34:50.301Z"}
{"level":"http","message":"GET /api/v1/file-manager/null 400 - 116ms","service":"default-service-name","timestamp":"2026-01-09T06:34:50.303Z"}
{"level":"http","message":"GET /api/v1/file-manager/tree 304 - 44ms","service":"default-service-name","timestamp":"2026-01-09T06:34:50.349Z"}
{"level":"http","message":"GET /api/v1/file-manager/null 400 - 12ms","service":"default-service-name","timestamp":"2026-01-09T06:39:29.358Z"}
{"level":"http","message":"GET /api/v1/file-manager/tree 304 - 49ms","service":"default-service-name","timestamp":"2026-01-09T06:39:29.402Z"}
{"level":"http","message":"GET /api/v1/file-manager/tree 304 - 49ms","service":"default-service-name","timestamp":"2026-01-09T06:39:29.460Z"}
{"level":"http","message":"GET /api/v1/file-manager/null 400 - 2ms","service":"default-service-name","timestamp":"2026-01-09T06:39:32.212Z"}
{"level":"http","message":"GET /api/v1/file-manager/tree 304 - 44ms","service":"default-service-name","timestamp":"2026-01-09T06:39:32.253Z"}
{"level":"http","message":"GET /api/v1/file-manager/tree 304 - 44ms","service":"default-service-name","timestamp":"2026-01-09T06:39:32.301Z"}
{"level":"http","message":"GET /api/v1/file-manager/null 400 - 1ms","service":"default-service-name","timestamp":"2026-01-09T06:39:41.282Z"}
{"level":"http","message":"GET /api/v1/file-manager/tree 304 - 45ms","service":"default-service-name","timestamp":"2026-01-09T06:39:41.325Z"}
{"level":"http","message":"GET /api/v1/file-manager/tree 304 - 59ms","service":"default-service-name","timestamp":"2026-01-09T06:39:41.386Z"}
{"level":"http","message":"GET /api/v1/file-manager/null 400 - 2ms","service":"default-service-name","timestamp":"2026-01-09T06:39:47.025Z"}
{"level":"http","message":"GET /api/v1/file-manager/tree 304 - 45ms","service":"default-service-name","timestamp":"2026-01-09T06:39:47.066Z"}
{"level":"http","message":"GET /api/v1/file-manager/tree 304 - 46ms","service":"default-service-name","timestamp":"2026-01-09T06:39:47.115Z"}
{"level":"http","message":"GET /api/v1/file-manager/null 400 - 2ms","service":"default-service-name","timestamp":"2026-01-09T06:39:57.248Z"}
{"level":"http","message":"GET /api/v1/file-manager/tree 304 - 46ms","service":"default-service-name","timestamp":"2026-01-09T06:39:57.290Z"}
{"level":"http","message":"GET /api/v1/file-manager/tree 304 - 45ms","service":"default-service-name","timestamp":"2026-01-09T06:39:57.338Z"}
{"level":"http","message":"GET /api/v1/file-manager/tree 304 - 45ms","service":"default-service-name","timestamp":"2026-01-09T06:40:29.690Z"}
{"level":"http","message":"GET /api/v1/file-manager/69609d22a9eb8332f2f2cd6d 200 - 50ms","service":"default-service-name","timestamp":"2026-01-09T06:40:29.696Z"}
{"level":"http","message":"GET /api/v1/file-manager/tree 304 - 48ms","service":"default-service-name","timestamp":"2026-01-09T06:40:29.742Z"}
{"level":"http","message":"GET /api/v1/file-manager/null 400 - 3ms","service":"default-service-name","timestamp":"2026-01-09T06:40:42.733Z"}
{"level":"http","message":"GET /api/v1/file-manager/tree 304 - 84ms","service":"default-service-name","timestamp":"2026-01-09T06:40:42.814Z"}
{"level":"http","message":"GET /api/v1/file-manager/tree 304 - 49ms","service":"default-service-name","timestamp":"2026-01-09T06:40:42.867Z"}
{"level":"http","message":"GET /api/v1/file-manager/null 400 - 123ms","service":"default-service-name","timestamp":"2026-01-09T09:11:41.505Z"}
{"level":"http","message":"GET /api/v1/file-manager/tree 304 - 306ms","service":"default-service-name","timestamp":"2026-01-09T09:11:41.695Z"}
{"level":"http","message":"GET /api/v1/file-manager/tree 304 - 57ms","service":"default-service-name","timestamp":"2026-01-09T09:11:41.756Z"}
{"level":"http","message":"GET /api/v1/file-manager/null 400 - 2ms","service":"default-service-name","timestamp":"2026-01-09T09:13:04.163Z"}
{"level":"http","message":"GET /api/v1/file-manager/tree 304 - 50ms","service":"default-service-name","timestamp":"2026-01-09T09:13:04.211Z"}
{"level":"http","message":"GET /api/v1/file-manager/tree 304 - 50ms","service":"default-service-name","timestamp":"2026-01-09T09:13:04.264Z"}
{"level":"http","message":"GET /api/v1/file-manager/null 400 - 5ms","service":"default-service-name","timestamp":"2026-01-09T09:13:10.644Z"}
{"level":"http","message":"GET /api/v1/file-manager/tree 304 - 51ms","service":"default-service-name","timestamp":"2026-01-09T09:13:10.691Z"}
{"level":"http","message":"GET /api/v1/file-manager/tree 304 - 54ms","service":"default-service-name","timestamp":"2026-01-09T09:13:10.752Z"}
{"level":"http","message":"GET /api/v1/file-manager/696090fa308c2da4a37b5a9a 304 - 88ms","service":"default-service-name","timestamp":"2026-01-09T09:13:11.595Z"}
{"level":"http","message":"GET /api/v1/file-manager/69609d22a9eb8332f2f2cd6d 304 - 46ms","service":"default-service-name","timestamp":"2026-01-09T09:13:12.637Z"}
{"level":"http","message":"GET /api/v1/file-manager/696090fa308c2da4a37b5a9a 304 - 50ms","service":"default-service-name","timestamp":"2026-01-09T09:13:13.479Z"}
{"level":"http","message":"GET /api/v1/file-manager/69609d22a9eb8332f2f2cd6d 304 - 48ms","service":"default-service-name","timestamp":"2026-01-09T09:13:14.428Z"}
{"level":"http","message":"GET /api/v1/file-manager/696090fa308c2da4a37b5a9a 304 - 46ms","service":"default-service-name","timestamp":"2026-01-09T09:13:15.120Z"}
{"level":"http","message":"GET /api/v1/file-manager/69609d22a9eb8332f2f2cd6d 304 - 48ms","service":"default-service-name","timestamp":"2026-01-09T09:13:16.039Z"}
{"level":"http","message":"GET /api/v1/file-manager/696090fa308c2da4a37b5a9a 304 - 48ms","service":"default-service-name","timestamp":"2026-01-09T09:13:17.084Z"}
{"level":"http","message":"GET /api/v1/file-manager/69609d22a9eb8332f2f2cd6d 304 - 48ms","service":"default-service-name","timestamp":"2026-01-09T09:13:17.846Z"}
{"level":"http","message":"GET /api/v1/file-manager/696090fa308c2da4a37b5a9a 304 - 52ms","service":"default-service-name","timestamp":"2026-01-09T09:13:18.622Z"}
{"level":"http","message":"GET /api/v1/file-manager/69609d22a9eb8332f2f2cd6d 304 - 48ms","service":"default-service-name","timestamp":"2026-01-09T09:13:19.425Z"}
{"level":"http","message":"GET /api/v1/file-manager/696090fa308c2da4a37b5a9a 304 - 48ms","service":"default-service-name","timestamp":"2026-01-09T09:13:20.633Z"}
{"level":"http","message":"GET /api/v1/file-manager/69609d22a9eb8332f2f2cd6d 304 - 46ms","service":"default-service-name","timestamp":"2026-01-09T09:13:21.467Z"}
{"level":"http","message":"GET /api/v1/file-manager/696090fa308c2da4a37b5a9a 304 - 49ms","service":"default-service-name","timestamp":"2026-01-09T09:13:22.047Z"}
{"level":"http","message":"GET /api/v1/file-manager/69609d22a9eb8332f2f2cd6d 304 - 48ms","service":"default-service-name","timestamp":"2026-01-09T09:13:22.428Z"}
{"level":"http","message":"GET /api/v1/file-manager/696090fa308c2da4a37b5a9a 304 - 51ms","service":"default-service-name","timestamp":"2026-01-09T09:13:22.793Z"}
{"level":"http","message":"GET /api/v1/file-manager/69609d22a9eb8332f2f2cd6d 304 - 55ms","service":"default-service-name","timestamp":"2026-01-09T09:13:23.103Z"}
{"level":"http","message":"GET /api/v1/file-manager/696090fa308c2da4a37b5a9a 304 - 50ms","service":"default-service-name","timestamp":"2026-01-09T09:13:23.358Z"}
{"level":"http","message":"GET /api/v1/file-manager/69609d22a9eb8332f2f2cd6d 304 - 49ms","service":"default-service-name","timestamp":"2026-01-09T09:13:26.157Z"}
{"level":"http","message":"GET /api/v1/file-manager/696090fa308c2da4a37b5a9a 304 - 49ms","service":"default-service-name","timestamp":"2026-01-09T09:13:26.735Z"}
{"level":"http","message":"GET /api/v1/file-manager/69609d22a9eb8332f2f2cd6d 304 - 48ms","service":"default-service-name","timestamp":"2026-01-09T09:14:06.048Z"}
{"level":"http","message":"GET /api/v1/file-manager/tree 304 - 48ms","service":"default-service-name","timestamp":"2026-01-09T09:15:37.874Z"}
{"level":"http","message":"GET /api/v1/file-manager/tree 304 - 47ms","service":"default-service-name","timestamp":"2026-01-09T09:15:37.923Z"}
{"level":"http","message":"GET /api/v1/file-manager/69609d22a9eb8332f2f2cd6d 304 - 496ms","service":"default-service-name","timestamp":"2026-01-09T09:15:38.323Z"}
{"level":"http","message":"GET /api/v1/file-manager/69609d22a9eb8332f2f2cd6d 304 - 47ms","service":"default-service-name","timestamp":"2026-01-09T09:16:41.988Z"}
{"level":"http","message":"GET /api/v1/file-manager/tree 304 - 52ms","service":"default-service-name","timestamp":"2026-01-09T09:16:41.993Z"}
{"level":"http","message":"GET /api/v1/file-manager/tree 304 - 53ms","service":"default-service-name","timestamp":"2026-01-09T09:16:42.052Z"}
{"level":"http","message":"GET /api/v1/file-manager/69609d22a9eb8332f2f2cd6d 304 - 46ms","service":"default-service-name","timestamp":"2026-01-09T09:16:46.869Z"}
{"level":"http","message":"GET /api/v1/file-manager/tree 304 - 52ms","service":"default-service-name","timestamp":"2026-01-09T09:16:46.874Z"}
{"level":"http","message":"GET /api/v1/file-manager/tree 304 - 52ms","service":"default-service-name","timestamp":"2026-01-09T09:16:46.929Z"}
{"level":"http","message":"GET /api/v1/file-manager/69609d22a9eb8332f2f2cd6d 304 - 46ms","service":"default-service-name","timestamp":"2026-01-09T09:16:56.233Z"}
{"level":"http","message":"GET /api/v1/file-manager/tree 304 - 51ms","service":"default-service-name","timestamp":"2026-01-09T09:16:56.237Z"}
{"level":"http","message":"GET /api/v1/file-manager/tree 304 - 52ms","service":"default-service-name","timestamp":"2026-01-09T09:16:56.292Z"}
{"level":"http","message":"GET /api/v1/file-manager/null 400 - 26ms","service":"default-service-name","timestamp":"2026-01-09T09:16:59.247Z"}
{"level":"http","message":"GET /api/v1/file-manager/tree 304 - 54ms","service":"default-service-name","timestamp":"2026-01-09T09:16:59.275Z"}
{"level":"http","message":"GET /api/v1/file-manager/tree 304 - 53ms","service":"default-service-name","timestamp":"2026-01-09T09:16:59.333Z"}
{"level":"http","message":"GET /api/v1/file-manager/69609d22a9eb8332f2f2cd6d 304 - 51ms","service":"default-service-name","timestamp":"2026-01-09T09:17:00.608Z"}
{"level":"http","message":"GET /api/v1/file-manager/696090fa308c2da4a37b5a9a 304 - 51ms","service":"default-service-name","timestamp":"2026-01-09T09:17:01.109Z"}
{"level":"http","message":"GET /api/v1/file-manager/69609103308c2da4a37b5a9b 200 - 51ms","service":"default-service-name","timestamp":"2026-01-09T09:17:02.503Z"}
{"level":"http","message":"GET /api/v1/file-manager/696090fa308c2da4a37b5a9a 304 - 52ms","service":"default-service-name","timestamp":"2026-01-09T09:17:04.607Z"}
{"level":"http","message":"GET /api/v1/file-manager/69609103308c2da4a37b5a9b 304 - 51ms","service":"default-service-name","timestamp":"2026-01-09T09:17:06.902Z"}
{"level":"http","message":"GET /api/v1/file-manager/696090fa308c2da4a37b5a9a 304 - 53ms","service":"default-service-name","timestamp":"2026-01-09T09:17:08.269Z"}
{"level":"http","message":"GET /api/v1/file-manager/null 400 - 12ms","service":"default-service-name","timestamp":"2026-01-09T09:34:26.407Z"}
{"level":"http","message":"GET /api/v1/file-manager/tree 304 - 57ms","service":"default-service-name","timestamp":"2026-01-09T09:34:26.455Z"}
{"level":"http","message":"GET /api/v1/file-manager/tree 304 - 58ms","service":"default-service-name","timestamp":"2026-01-09T09:34:26.520Z"}
{"level":"http","message":"GET /api/v1/file-manager/69609d22a9eb8332f2f2cd6d 304 - 55ms","service":"default-service-name","timestamp":"2026-01-09T09:50:02.257Z"}
{"level":"http","message":"GET /api/v1/file-manager/696090fa308c2da4a37b5a9a 304 - 57ms","service":"default-service-name","timestamp":"2026-01-09T09:50:04.151Z"}
{"level":"http","message":"GET /api/v1/file-manager/69609d22a9eb8332f2f2cd6d 304 - 52ms","service":"default-service-name","timestamp":"2026-01-09T09:51:33.375Z"}
{"level":"http","message":"GET /api/v1/file-manager/696090fa308c2da4a37b5a9a 304 - 51ms","service":"default-service-name","timestamp":"2026-01-09T09:51:36.673Z"}
{"level":"http","message":"GET /api/v1/file-manager/69609103308c2da4a37b5a9b 304 - 51ms","service":"default-service-name","timestamp":"2026-01-09T09:52:35.698Z"}
{"level":"http","message":"GET /api/v1/file-manager/696090fa308c2da4a37b5a9a 304 - 51ms","service":"default-service-name","timestamp":"2026-01-09T09:52:41.398Z"}
{"level":"http","message":"GET /api/v1/file-manager/69609d22a9eb8332f2f2cd6d 304 - 51ms","service":"default-service-name","timestamp":"2026-01-09T09:52:42.608Z"}
{"level":"http","message":"GET /api/v1/file-manager/696090fa308c2da4a37b5a9a 304 - 53ms","service":"default-service-name","timestamp":"2026-01-09T09:52:46.267Z"}
{"level":"http","message":"GET /api/v1/file-manager/69609d22a9eb8332f2f2cd6d 304 - 52ms","service":"default-service-name","timestamp":"2026-01-09T09:52:48.418Z"}
{"level":"http","message":"GET /api/v1/file-manager/696090fa308c2da4a37b5a9a 304 - 51ms","service":"default-service-name","timestamp":"2026-01-09T09:52:51.950Z"}
{"level":"http","message":"POST /api/v1/file-manager/create 200 - 167ms","service":"default-service-name","timestamp":"2026-01-09T09:53:28.753Z"}
{"level":"http","message":"GET /api/v1/file-manager/null 400 - 5ms","service":"default-service-name","timestamp":"2026-01-09T09:53:38.746Z"}
{"level":"http","message":"GET /api/v1/file-manager/tree 304 - 55ms","service":"default-service-name","timestamp":"2026-01-09T09:53:38.795Z"}
{"level":"http","message":"GET /api/v1/file-manager/tree 304 - 52ms","service":"default-service-name","timestamp":"2026-01-09T09:53:38.852Z"}
{"level":"http","message":"GET /api/v1/file-manager/696090fa308c2da4a37b5a9a 200 - 52ms","service":"default-service-name","timestamp":"2026-01-09T09:53:40.196Z"}
{"level":"http","message":"GET /api/v1/file-manager/null 400 - 151ms","service":"default-service-name","timestamp":"2026-01-09T09:54:43.341Z"}
{"level":"http","message":"GET /api/v1/file-manager/tree 200 - 300ms","service":"default-service-name","timestamp":"2026-01-09T09:54:43.481Z"}
{"level":"http","message":"GET /api/v1/file-manager/tree 304 - 56ms","service":"default-service-name","timestamp":"2026-01-09T09:54:43.546Z"}
{"level":"http","message":"GET /api/v1/file-manager/696090fa308c2da4a37b5a9a 304 - 50ms","service":"default-service-name","timestamp":"2026-01-09T09:54:44.643Z"}
{"level":"http","message":"GET /api/v1/file-manager/6960d018a5c235542207c800 200 - 47ms","service":"default-service-name","timestamp":"2026-01-09T09:54:59.182Z"}
{"level":"http","message":"GET /api/v1/file-manager/696090fa308c2da4a37b5a9a 304 - 48ms","service":"default-service-name","timestamp":"2026-01-09T09:55:00.827Z"}
{"level":"http","message":"POST /api/v1/file-manager/create 200 - 142ms","service":"default-service-name","timestamp":"2026-01-09T09:55:18.530Z"}
{"level":"http","message":"GET /api/v1/file-manager/6960d018a5c235542207c800 200 - 48ms","service":"default-service-name","timestamp":"2026-01-09T09:55:20.764Z"}
{"level":"http","message":"GET /api/v1/file-manager/tree 200 - 48ms","service":"default-service-name","timestamp":"2026-01-09T09:55:36.016Z"}
{"level":"http","message":"GET /api/v1/file-manager/696090fa308c2da4a37b5a9a 304 - 296ms","service":"default-service-name","timestamp":"2026-01-09T09:56:33.635Z"}
{"level":"http","message":"GET /api/v1/file-manager/tree 304 - 135ms","service":"default-service-name","timestamp":"2026-01-09T09:56:36.298Z"}
{"level":"http","message":"GET /api/v1/file-manager/null 400 - 136ms","service":"default-service-name","timestamp":"2026-01-09T09:56:36.301Z"}
{"level":"http","message":"GET /api/v1/file-manager/tree 304 - 44ms","service":"default-service-name","timestamp":"2026-01-09T09:56:36.347Z"}
{"level":"http","message":"GET /api/v1/file-manager/696090fa308c2da4a37b5a9a 304 - 46ms","service":"default-service-name","timestamp":"2026-01-09T09:56:45.403Z"}
{"level":"http","message":"GET /api/v1/file-manager/null 400 - 120ms","service":"default-service-name","timestamp":"2026-01-09T09:58:53.124Z"}
{"level":"http","message":"GET /api/v1/file-manager/tree 200 - 328ms","service":"default-service-name","timestamp":"2026-01-09T09:58:53.324Z"}
{"level":"http","message":"GET /api/v1/file-manager/tree 304 - 55ms","service":"default-service-name","timestamp":"2026-01-09T09:58:53.381Z"}
{"level":"http","message":"GET /api/v1/file-manager/696090fa308c2da4a37b5a9a 304 - 66ms","service":"default-service-name","timestamp":"2026-01-09T09:58:54.321Z"}
{"level":"http","message":"GET /api/v1/file-manager/tree 304 - 56ms","service":"default-service-name","timestamp":"2026-01-09T10:01:30.194Z"}
{"level":"http","message":"GET /api/v1/file-manager/tree 304 - 54ms","service":"default-service-name","timestamp":"2026-01-09T10:01:30.253Z"}
{"level":"http","message":"GET /api/v1/file-manager/696090fa308c2da4a37b5a9a 304 - 527ms","service":"default-service-name","timestamp":"2026-01-09T10:01:30.666Z"}
{"level":"http","message":"GET /api/v1/file-manager/null 400 - 3ms","service":"default-service-name","timestamp":"2026-01-09T10:01:48.559Z"}
{"level":"http","message":"GET /api/v1/file-manager/tree 304 - 55ms","service":"default-service-name","timestamp":"2026-01-09T10:01:48.610Z"}
{"level":"http","message":"GET /api/v1/file-manager/tree 304 - 56ms","service":"default-service-name","timestamp":"2026-01-09T10:01:48.683Z"}
{"level":"http","message":"GET /api/v1/file-manager/696090fa308c2da4a37b5a9a 304 - 56ms","service":"default-service-name","timestamp":"2026-01-09T10:01:49.688Z"}
{"level":"http","message":"GET /api/v1/file-manager/null 400 - 3ms","service":"default-service-name","timestamp":"2026-01-09T10:02:36.277Z"}
{"level":"http","message":"GET /api/v1/file-manager/tree 304 - 67ms","service":"default-service-name","timestamp":"2026-01-09T10:02:36.340Z"}
{"level":"http","message":"GET /api/v1/file-manager/tree 304 - 61ms","service":"default-service-name","timestamp":"2026-01-09T10:02:36.418Z"}
{"level":"http","message":"GET /api/v1/file-manager/696090fa308c2da4a37b5a9a 304 - 64ms","service":"default-service-name","timestamp":"2026-01-09T10:02:37.271Z"}
{"level":"http","message":"GET /api/v1/file-manager/69609d22a9eb8332f2f2cd6d 304 - 57ms","service":"default-service-name","timestamp":"2026-01-09T10:02:55.339Z"}
{"level":"http","message":"GET /api/v1/file-manager/696090fa308c2da4a37b5a9a 304 - 56ms","service":"default-service-name","timestamp":"2026-01-09T10:02:59.158Z"}
{"level":"http","message":"GET /api/v1/file-manager/69609d22a9eb8332f2f2cd6d 304 - 52ms","service":"default-service-name","timestamp":"2026-01-09T10:03:15.632Z"}
{"level":"http","message":"GET /api/v1/file-manager/696090fa308c2da4a37b5a9a 304 - 52ms","service":"default-service-name","timestamp":"2026-01-09T10:03:19.945Z"}
{"level":"http","message":"GET /api/v1/file-manager/69609d22a9eb8332f2f2cd6d 304 - 53ms","service":"default-service-name","timestamp":"2026-01-09T10:04:16.329Z"}
{"level":"http","message":"GET /api/v1/file-manager/696090fa308c2da4a37b5a9a 304 - 52ms","service":"default-service-name","timestamp":"2026-01-09T10:04:17.169Z"}
{"level":"http","message":"GET /api/v1/file-manager/6960d018a5c235542207c800 304 - 49ms","service":"default-service-name","timestamp":"2026-01-09T10:05:07.606Z"}
{"level":"http","message":"GET /api/v1/file-manager/6960d086cbce27d60f9f98ea 200 - 51ms","service":"default-service-name","timestamp":"2026-01-09T10:05:09.387Z"}
{"level":"http","message":"GET /api/v1/file-manager/69609d22a9eb8332f2f2cd6d 304 - 51ms","service":"default-service-name","timestamp":"2026-01-09T10:05:10.645Z"}
{"level":"http","message":"GET /api/v1/file-manager/696090fa308c2da4a37b5a9a 304 - 54ms","service":"default-service-name","timestamp":"2026-01-09T10:05:11.698Z"}
{"level":"http","message":"GET /api/v1/file-manager/69609103308c2da4a37b5a9b 304 - 52ms","service":"default-service-name","timestamp":"2026-01-09T10:05:52.786Z"}
{"level":"http","message":"GET /api/v1/file-manager/null 400 - 3ms","service":"default-service-name","timestamp":"2026-01-09T10:08:31.335Z"}
{"level":"http","message":"GET /api/v1/file-manager/tree 304 - 51ms","service":"default-service-name","timestamp":"2026-01-09T10:08:31.383Z"}
{"level":"http","message":"GET /api/v1/file-manager/tree 304 - 54ms","service":"default-service-name","timestamp":"2026-01-09T10:08:31.444Z"}
{"level":"http","message":"GET /api/v1/file-manager/null 400 - 4ms","service":"default-service-name","timestamp":"2026-01-09T10:08:33.948Z"}
{"level":"http","message":"GET /api/v1/file-manager/tree 304 - 59ms","service":"default-service-name","timestamp":"2026-01-09T10:08:34.002Z"}
{"level":"http","message":"GET /api/v1/file-manager/tree 304 - 54ms","service":"default-service-name","timestamp":"2026-01-09T10:08:34.070Z"}
{"level":"http","message":"GET /api/v1/file-manager/null 400 - 8ms","service":"default-service-name","timestamp":"2026-01-09T10:08:43.417Z"}
{"level":"http","message":"GET /api/v1/file-manager/tree 304 - 54ms","service":"default-service-name","timestamp":"2026-01-09T10:08:43.460Z"}
{"level":"http","message":"GET /api/v1/file-manager/tree 304 - 54ms","service":"default-service-name","timestamp":"2026-01-09T10:08:43.524Z"}
{"level":"http","message":"GET /api/v1/file-manager/null 400 - 4ms","service":"default-service-name","timestamp":"2026-01-09T10:08:54.513Z"}
{"level":"http","message":"GET /api/v1/file-manager/tree 304 - 50ms","service":"default-service-name","timestamp":"2026-01-09T10:08:54.559Z"}
{"level":"http","message":"GET /api/v1/file-manager/tree 304 - 54ms","service":"default-service-name","timestamp":"2026-01-09T10:08:54.619Z"}
{"level":"http","message":"GET /api/v1/file-manager/null 400 - 2ms","service":"default-service-name","timestamp":"2026-01-09T10:08:55.991Z"}
{"level":"http","message":"GET /api/v1/file-manager/tree 304 - 51ms","service":"default-service-name","timestamp":"2026-01-09T10:08:56.039Z"}
{"level":"http","message":"GET /api/v1/file-manager/tree 304 - 152ms","service":"default-service-name","timestamp":"2026-01-09T10:08:56.196Z"}
{"level":"http","message":"GET /api/v1/file-manager/null 400 - 8ms","service":"default-service-name","timestamp":"2026-01-09T10:09:09.703Z"}
{"level":"http","message":"GET /api/v1/file-manager/tree 304 - 52ms","service":"default-service-name","timestamp":"2026-01-09T10:09:09.747Z"}
{"level":"http","message":"GET /api/v1/file-manager/tree 304 - 54ms","service":"default-service-name","timestamp":"2026-01-09T10:09:09.814Z"}
{"level":"http","message":"GET /api/v1/file-manager/null 400 - 5ms","service":"default-service-name","timestamp":"2026-01-09T10:09:12.118Z"}
{"level":"http","message":"GET /api/v1/file-manager/tree 304 - 53ms","service":"default-service-name","timestamp":"2026-01-09T10:09:12.166Z"}
{"level":"http","message":"GET /api/v1/file-manager/tree 304 - 53ms","service":"default-service-name","timestamp":"2026-01-09T10:09:12.231Z"}
{"level":"http","message":"GET /api/v1/file-manager/null 400 - 4ms","service":"default-service-name","timestamp":"2026-01-09T10:09:25.365Z"}
{"level":"http","message":"GET /api/v1/file-manager/tree 304 - 54ms","service":"default-service-name","timestamp":"2026-01-09T10:09:25.416Z"}
{"level":"http","message":"GET /api/v1/file-manager/tree 304 - 53ms","service":"default-service-name","timestamp":"2026-01-09T10:09:25.479Z"}
{"level":"http","message":"GET /api/v1/file-manager/null 400 - 2ms","service":"default-service-name","timestamp":"2026-01-09T10:09:27.092Z"}
{"level":"http","message":"GET /api/v1/file-manager/tree 304 - 52ms","service":"default-service-name","timestamp":"2026-01-09T10:09:27.141Z"}
{"level":"http","message":"GET /api/v1/file-manager/tree 304 - 51ms","service":"default-service-name","timestamp":"2026-01-09T10:09:27.198Z"}
{"level":"http","message":"GET /api/v1/file-manager/null 400 - 4ms","service":"default-service-name","timestamp":"2026-01-09T10:09:28.241Z"}
{"level":"http","message":"GET /api/v1/file-manager/tree 304 - 49ms","service":"default-service-name","timestamp":"2026-01-09T10:09:28.287Z"}
{"level":"http","message":"GET /api/v1/file-manager/tree 304 - 53ms","service":"default-service-name","timestamp":"2026-01-09T10:09:28.343Z"}
{"level":"http","message":"GET /api/v1/file-manager/null 400 - 2ms","service":"default-service-name","timestamp":"2026-01-09T10:09:39.898Z"}
{"level":"http","message":"GET /api/v1/file-manager/tree 304 - 52ms","service":"default-service-name","timestamp":"2026-01-09T10:09:39.949Z"}
{"level":"http","message":"GET /api/v1/file-manager/tree 304 - 50ms","service":"default-service-name","timestamp":"2026-01-09T10:09:40.002Z"}
{"level":"http","message":"GET /api/v1/file-manager/69609d22a9eb8332f2f2cd6d 304 - 52ms","service":"default-service-name","timestamp":"2026-01-09T10:09:41.924Z"}
{"level":"http","message":"GET /api/v1/file-manager/696090fa308c2da4a37b5a9a 304 - 53ms","service":"default-service-name","timestamp":"2026-01-09T10:09:42.293Z"}
{"level":"http","message":"GET /api/v1/file-manager/6960d018a5c235542207c800 304 - 50ms","service":"default-service-name","timestamp":"2026-01-09T10:10:21.331Z"}
{"level":"http","message":"GET /api/v1/file-manager/6960d086cbce27d60f9f98ea 304 - 50ms","service":"default-service-name","timestamp":"2026-01-09T10:10:22.797Z"}
{"level":"http","message":"GET /api/v1/file-manager/6960d086cbce27d60f9f98ea 304 - 49ms","service":"default-service-name","timestamp":"2026-01-09T10:12:17.958Z"}
{"level":"http","message":"GET /api/v1/file-manager/tree 304 - 52ms","service":"default-service-name","timestamp":"2026-01-09T10:12:17.959Z"}
{"level":"http","message":"GET /api/v1/file-manager/tree 304 - 50ms","service":"default-service-name","timestamp":"2026-01-09T10:12:18.014Z"}
{"level":"http","message":"GET /api/v1/file-manager/tree 304 - 50ms","service":"default-service-name","timestamp":"2026-01-09T10:12:40.382Z"}
{"level":"http","message":"GET /api/v1/file-manager/6960d086cbce27d60f9f98ea 304 - 51ms","service":"default-service-name","timestamp":"2026-01-09T10:12:40.385Z"}
{"level":"http","message":"GET /api/v1/file-manager/tree 304 - 50ms","service":"default-service-name","timestamp":"2026-01-09T10:12:40.437Z"}
{"level":"http","message":"GET /api/v1/file-manager/696090fa308c2da4a37b5a9a 304 - 50ms","service":"default-service-name","timestamp":"2026-01-09T10:14:37.873Z"}
{"level":"http","message":"GET /api/v1/file-manager/tree 304 - 50ms","service":"default-service-name","timestamp":"2026-01-09T10:37:32.188Z"}
{"level":"http","message":"GET /api/v1/file-manager/696090fa308c2da4a37b5a9a 304 - 52ms","service":"default-service-name","timestamp":"2026-01-09T10:37:32.191Z"}
{"level":"http","message":"GET /api/v1/file-manager/tree 304 - 50ms","service":"default-service-name","timestamp":"2026-01-09T10:37:32.240Z"}
{"level":"http","message":"GET /api/v1/file-manager/null 400 - 140ms","service":"default-service-name","timestamp":"2026-01-09T10:38:30.868Z"}
{"level":"http","message":"GET /api/v1/file-manager/tree 304 - 279ms","service":"default-service-name","timestamp":"2026-01-09T10:38:30.999Z"}
{"level":"http","message":"GET /api/v1/file-manager/tree 304 - 46ms","service":"default-service-name","timestamp":"2026-01-09T10:38:31.048Z"}
{"level":"http","message":"GET /api/v1/file-manager/696090fa308c2da4a37b5a9a 304 - 48ms","service":"default-service-name","timestamp":"2026-01-09T10:38:32.833Z"}
{"level":"http","message":"POST /api/v1/file-manager/create 200 - 2ms","service":"default-service-name","timestamp":"2026-01-09T10:38:38.048Z"}
{"level":"http","message":"POST /api/v1/file-manager/create 200 - 3ms","service":"default-service-name","timestamp":"2026-01-09T10:38:59.288Z"}
{"level":"http","message":"GET /api/v1/file-manager/6960d018a5c235542207c800 304 - 313ms","service":"default-service-name","timestamp":"2026-01-09T10:42:12.205Z"}
{"level":"http","message":"GET /api/v1/file-manager/6960d086cbce27d60f9f98ea 304 - 51ms","service":"default-service-name","timestamp":"2026-01-09T10:42:14.592Z"}
{"level":"http","message":"POST /api/v1/file-manager/create 200 - 155ms","service":"default-service-name","timestamp":"2026-01-09T10:42:19.474Z"}
{"level":"http","message":"GET /api/v1/file-manager/696090fa308c2da4a37b5a9a 304 - 48ms","service":"default-service-name","timestamp":"2026-01-09T10:42:22.559Z"}
{"level":"http","message":"GET /api/v1/file-manager/6960d018a5c235542207c800 304 - 47ms","service":"default-service-name","timestamp":"2026-01-09T10:42:23.834Z"}
{"level":"http","message":"GET /api/v1/file-manager/6960d086cbce27d60f9f98ea 304 - 47ms","service":"default-service-name","timestamp":"2026-01-09T10:42:25.147Z"}
{"level":"http","message":"GET /api/v1/file-manager/696090fa308c2da4a37b5a9a 304 - 48ms","service":"default-service-name","timestamp":"2026-01-09T10:42:26.564Z"}
{"level":"http","message":"GET /api/v1/file-manager/6960d018a5c235542207c800 304 - 46ms","service":"default-service-name","timestamp":"2026-01-09T10:42:27.992Z"}
{"level":"http","message":"GET /api/v1/file-manager/6960d086cbce27d60f9f98ea 304 - 48ms","service":"default-service-name","timestamp":"2026-01-09T10:42:28.794Z"}
{"level":"http","message":"GET /api/v1/file-manager/tree 200 - 106ms","service":"default-service-name","timestamp":"2026-01-09T10:43:13.117Z"}
{"level":"http","message":"GET /api/v1/file-manager/null 400 - 107ms","service":"default-service-name","timestamp":"2026-01-09T10:43:13.119Z"}
{"level":"http","message":"GET /api/v1/file-manager/tree 304 - 47ms","service":"default-service-name","timestamp":"2026-01-09T10:43:13.169Z"}
{"level":"http","message":"GET /api/v1/file-manager/6960db8b97cd4a0e6549879a 200 - 47ms","service":"default-service-name","timestamp":"2026-01-09T10:43:14.304Z"}
